<?xml version="1.0" encoding="UTF-8"?>
<testng-results ignored="0" total="1" passed="0" failed="1" skipped="0">
  <reporter-output>
  </reporter-output>
  <suite started-at="2022-03-23T11:01:01 IST" name="Default suite" finished-at="2022-03-23T11:03:25 IST" duration-ms="143398">
    <groups>
      <group name="smokeTest">
        <method signature="CreatecampaignTest.createcampaign()[pri:0, instance:com.crm.vtiger.CreatecampaignTest@2c35e847]" name="createcampaign" class="com.crm.vtiger.CreatecampaignTest"/>
      </group> <!-- smokeTest -->
    </groups>
    <test started-at="2022-03-23T11:01:01 IST" name="Default test" finished-at="2022-03-23T11:03:25 IST" duration-ms="143398">
      <class name="com.crm.vtiger.CreatecampaignTest">
        <test-method is-config="true" signature="beforesuite()[pri:0, instance:com.crm.vtiger.CreatecampaignTest@2c35e847]" started-at="2022-03-23T11:01:01 IST" name="beforesuite" finished-at="2022-03-23T11:01:01 IST" duration-ms="33" status="PASS">
          <reporter-output>
          </reporter-output>
        </test-method> <!-- beforesuite -->
        <test-method is-config="true" signature="beforetest()[pri:0, instance:com.crm.vtiger.CreatecampaignTest@2c35e847]" started-at="2022-03-23T11:01:01 IST" name="beforetest" finished-at="2022-03-23T11:01:01 IST" duration-ms="1" status="PASS">
          <reporter-output>
          </reporter-output>
        </test-method> <!-- beforetest -->
        <test-method is-config="true" signature="beforeclass()[pri:0, instance:com.crm.vtiger.CreatecampaignTest@2c35e847]" started-at="2022-03-23T11:01:01 IST" name="beforeclass" finished-at="2022-03-23T11:02:21 IST" duration-ms="79964" status="PASS">
          <reporter-output>
          </reporter-output>
        </test-method> <!-- beforeclass -->
        <test-method is-config="true" signature="beforemethod()[pri:0, instance:com.crm.vtiger.CreatecampaignTest@2c35e847]" started-at="2022-03-23T11:02:21 IST" name="beforemethod" finished-at="2022-03-23T11:02:52 IST" duration-ms="30072" status="PASS">
          <reporter-output>
          </reporter-output>
        </test-method> <!-- beforemethod -->
        <test-method signature="createcampaign()[pri:0, instance:com.crm.vtiger.CreatecampaignTest@2c35e847]" started-at="2022-03-23T11:02:52 IST" name="createcampaign" finished-at="2022-03-23T11:03:05 IST" duration-ms="13771" status="FAIL">
          <exception class="java.lang.AssertionError">
            <message>
              <![CDATA[null]]>
            </message>
            <full-stacktrace>
              <![CDATA[java.lang.AssertionError: null
at org.testng.Assert.fail(Assert.java:99)
at org.testng.Assert.fail(Assert.java:106)
at com.crm.vtiger.CreatecampaignTest.createcampaign(CreatecampaignTest.java:46)
at java.base/jdk.internal.reflect.NativeMethodAccessorImpl.invoke0(Native Method)
at java.base/jdk.internal.reflect.NativeMethodAccessorImpl.invoke(NativeMethodAccessorImpl.java:77)
at java.base/jdk.internal.reflect.DelegatingMethodAccessorImpl.invoke(DelegatingMethodAccessorImpl.java:43)
at java.base/java.lang.reflect.Method.invoke(Method.java:568)
at org.testng.internal.MethodInvocationHelper.invokeMethod(MethodInvocationHelper.java:133)
at org.testng.internal.TestInvoker.invokeMethod(TestInvoker.java:598)
at org.testng.internal.TestInvoker.invokeTestMethod(TestInvoker.java:173)
at org.testng.internal.MethodRunner.runInSequence(MethodRunner.java:46)
at org.testng.internal.TestInvoker$MethodInvocationAgent.invoke(TestInvoker.java:824)
at org.testng.internal.TestInvoker.invokeTestMethods(TestInvoker.java:146)
at org.testng.internal.TestMethodWorker.invokeTestMethods(TestMethodWorker.java:146)
at org.testng.internal.TestMethodWorker.run(TestMethodWorker.java:128)
at java.base/java.util.ArrayList.forEach(ArrayList.java:1511)
at org.testng.TestRunner.privateRun(TestRunner.java:794)
at org.testng.TestRunner.run(TestRunner.java:596)
at org.testng.SuiteRunner.runTest(SuiteRunner.java:377)
at org.testng.SuiteRunner.runSequentially(SuiteRunner.java:371)
at org.testng.SuiteRunner.privateRun(SuiteRunner.java:332)
at org.testng.SuiteRunner.run(SuiteRunner.java:276)
at org.testng.SuiteRunnerWorker.runSuite(SuiteRunnerWorker.java:53)
at org.testng.SuiteRunnerWorker.run(SuiteRunnerWorker.java:96)
at org.testng.TestNG.runSuitesSequentially(TestNG.java:1212)
at org.testng.TestNG.runSuitesLocally(TestNG.java:1134)
at org.testng.TestNG.runSuites(TestNG.java:1063)
at org.testng.TestNG.run(TestNG.java:1031)
at org.testng.remote.AbstractRemoteTestNG.run(AbstractRemoteTestNG.java:115)
at org.testng.remote.RemoteTestNG.initAndRun(RemoteTestNG.java:251)
at org.testng.remote.RemoteTestNG.main(RemoteTestNG.java:77)
]]>
            </full-stacktrace>
          </exception> <!-- java.lang.AssertionError -->
          <reporter-output>
          </reporter-output>
        </test-method> <!-- createcampaign -->
        <test-method is-config="true" signature="aftermethod()[pri:0, instance:com.crm.vtiger.CreatecampaignTest@2c35e847]" started-at="2022-03-23T11:03:06 IST" name="aftermethod" finished-at="2022-03-23T11:03:15 IST" duration-ms="9347" status="PASS">
          <reporter-output>
          </reporter-output>
        </test-method> <!-- aftermethod -->
        <test-method is-config="true" signature="aferclass()[pri:0, instance:com.crm.vtiger.CreatecampaignTest@2c35e847]" started-at="2022-03-23T11:03:15 IST" name="aferclass" finished-at="2022-03-23T11:03:25 IST" duration-ms="9366" status="PASS">
          <reporter-output>
          </reporter-output>
        </test-method> <!-- aferclass -->
        <test-method is-config="true" signature="aftertest()[pri:0, instance:com.crm.vtiger.CreatecampaignTest@2c35e847]" started-at="2022-03-23T11:03:25 IST" name="aftertest" finished-at="2022-03-23T11:03:25 IST" duration-ms="1" status="PASS">
          <reporter-output>
          </reporter-output>
        </test-method> <!-- aftertest -->
        <test-method is-config="true" signature="aftersuite()[pri:0, instance:com.crm.vtiger.CreatecampaignTest@2c35e847]" started-at="2022-03-23T11:03:25 IST" name="aftersuite" finished-at="2022-03-23T11:03:25 IST" duration-ms="0" status="PASS">
          <reporter-output>
          </reporter-output>
        </test-method> <!-- aftersuite -->
      </class> <!-- com.crm.vtiger.CreatecampaignTest -->
    </test> <!-- Default test -->
  </suite> <!-- Default suite -->
</testng-results>
